[31Dec2024 00:12:50.159] [Netty Epoll Server IO #2/INFO] [com.teampotato.redirector.Redirector/]: Redirecting net/bettercombat/logic/AnimatedHand
[31Dec2024 00:20:18.341] [Server thread/INFO] [net.minecraft.server.MinecraftServer/]: SrDaalo has made the advancement [Really Hot Topic]
[31Dec2024 00:25:42.246] [Server thread/INFO] [com.teampotato.redirector.Redirector/]: Redirecting net/blay09/mods/waystones/core/WarpMode
[31Dec2024 00:25:42.920] [Server thread/INFO] [com.teampotato.redirector.Redirector/]: Redirecting net/blay09/mods/waystones/api/EventResult
[31Dec2024 00:41:45.884] [Server thread/INFO] [net.minecraft.server.MinecraftServer/]: SrDaalo has reached the goal [The Upgrade]
[31Dec2024 00:48:31.050] [Server thread/INFO] [com.teampotato.redirector.Redirector/]: Redirecting ovh/corail/tombstone/item/ItemCastableMagic$CastingTarget
[31Dec2024 00:48:36.033] [Server thread/INFO] [com.teampotato.redirector.Redirector/]: Redirecting ovh/corail/tombstone/helper/LangKey
[31Dec2024 00:48:46.688] [Server thread/INFO] [net.minecraft.server.MinecraftServer/]: SrDaalo has reached the goal [Bound Forever]
[31Dec2024 00:48:46.689] [Server thread/INFO] [com.teampotato.redirector.Redirector/]: Redirecting ovh/corail/tombstone/api/capability/ISoulConsumer$ConsumeResult$Result
[31Dec2024 00:50:04.685] [Netty Epoll Server IO #2/INFO] [com.teampotato.redirector.Redirector/]: Redirecting ovh/corail/tombstone/network/SMessageUpgradePerk$SyncType
[31Dec2024 01:06:28.474] [Server thread/INFO] [hordes/]: [net.smileycorp.hordes.hordeevent.capability.HordeEvent@3018f8a4]Trying to start horde event on day 60 with nextDay 60 and time 18000
[31Dec2024 01:06:28.478] [Server thread/INFO] [hordes/]: Applying script hordes:default for event net.smileycorp.hordes.common.event.HordeBuildSpawnDataEvent@7e331927
[31Dec2024 01:06:28.481] [Server thread/INFO] [hordes/]: Adding entry HordeSpawnEntry[type=entity.minecraft.zombified_piglin,weight=10,minDay=40,maxDay=0] to hordespawn on day 50
[31Dec2024 01:06:28.482] [Server thread/INFO] [hordes/]: Adding entry HordeSpawnEntry[type=entity.minecraft.husk,weight=25,minDay=50,maxDay=0] to hordespawn on day 50
[31Dec2024 01:06:28.482] [Server thread/INFO] [hordes/]: Adding entry HordeSpawnEntry[type=entity.minecraft.zoglin,weight=3,minDay=50,maxDay=0]{{Passengers:[{HandItems:[{Count:1,id:"trident"}],id:"drowned"}]}} to hordespawn on day 50
[31Dec2024 01:06:28.483] [Server thread/INFO] [hordes/]: Adding entry HordeSpawnEntry[type=entity.minecraft.zombie_horse,weight=3,minDay=50,maxDay=0]{{Passengers:[{HandItems:[{Count:1,id:"trident"}],id:"drowned"}]}} to hordespawn on day 50
[31Dec2024 01:06:28.519] [Server thread/INFO] [hordes/]: Adding entry HordeSpawnEntry[type=entity.minecraft.zombified_piglin,weight=10,minDay=40,maxDay=0] to hordespawn on day 60
[31Dec2024 01:06:28.520] [Server thread/INFO] [hordes/]: Adding entry HordeSpawnEntry[type=entity.minecraft.husk,weight=25,minDay=50,maxDay=0] to hordespawn on day 60
[31Dec2024 01:06:28.520] [Server thread/INFO] [hordes/]: Adding entry HordeSpawnEntry[type=entity.minecraft.zoglin,weight=3,minDay=50,maxDay=0]{{Passengers:[{HandItems:[{Count:1,id:"trident"}],id:"drowned"}]}} to hordespawn on day 60
[31Dec2024 01:06:28.521] [Server thread/INFO] [hordes/]: Adding entry HordeSpawnEntry[type=entity.minecraft.zombie_horse,weight=3,minDay=50,maxDay=0]{{Passengers:[{HandItems:[{Count:1,id:"trident"}],id:"drowned"}]}} to hordespawn on day 60
[31Dec2024 01:07:18.515] [Server thread/INFO] [hordes/]: Adding entry HordeSpawnEntry[type=entity.minecraft.zombified_piglin,weight=10,minDay=40,maxDay=0] to hordespawn on day 60
[31Dec2024 01:07:18.516] [Server thread/INFO] [hordes/]: Adding entry HordeSpawnEntry[type=entity.minecraft.husk,weight=25,minDay=50,maxDay=0] to hordespawn on day 60
[31Dec2024 01:07:18.516] [Server thread/INFO] [hordes/]: Adding entry HordeSpawnEntry[type=entity.minecraft.zoglin,weight=3,minDay=50,maxDay=0]{{Passengers:[{HandItems:[{Count:1,id:"trident"}],id:"drowned"}],id:"minecraft:zoglin"}} to hordespawn on day 60
[31Dec2024 01:07:18.516] [Server thread/INFO] [hordes/]: Adding entry HordeSpawnEntry[type=entity.minecraft.zombie_horse,weight=3,minDay=50,maxDay=0]{{Passengers:[{HandItems:[{Count:1,id:"trident"}],id:"drowned"}],id:"minecraft:zombie_horse"}} to hordespawn on day 60
[31Dec2024 01:08:08.519] [Server thread/INFO] [hordes/]: Adding entry HordeSpawnEntry[type=entity.minecraft.zombified_piglin,weight=10,minDay=40,maxDay=0] to hordespawn on day 60
[31Dec2024 01:08:08.520] [Server thread/INFO] [hordes/]: Adding entry HordeSpawnEntry[type=entity.minecraft.husk,weight=25,minDay=50,maxDay=0] to hordespawn on day 60
[31Dec2024 01:08:08.520] [Server thread/INFO] [hordes/]: Adding entry HordeSpawnEntry[type=entity.minecraft.zoglin,weight=3,minDay=50,maxDay=0]{{Passengers:[{HandItems:[{Count:1,id:"trident"}],id:"drowned"}],id:"minecraft:zoglin"}} to hordespawn on day 60
[31Dec2024 01:08:08.521] [Server thread/INFO] [hordes/]: Adding entry HordeSpawnEntry[type=entity.minecraft.zombie_horse,weight=3,minDay=50,maxDay=0]{{Passengers:[{HandItems:[{Count:1,id:"trident"}],id:"drowned"}],id:"minecraft:zombie_horse"}} to hordespawn on day 60
[31Dec2024 01:08:58.524] [Server thread/INFO] [hordes/]: Adding entry HordeSpawnEntry[type=entity.minecraft.zombified_piglin,weight=10,minDay=40,maxDay=0] to hordespawn on day 60
[31Dec2024 01:08:58.524] [Server thread/INFO] [hordes/]: Adding entry HordeSpawnEntry[type=entity.minecraft.husk,weight=25,minDay=50,maxDay=0] to hordespawn on day 60
[31Dec2024 01:08:58.525] [Server thread/INFO] [hordes/]: Adding entry HordeSpawnEntry[type=entity.minecraft.zoglin,weight=3,minDay=50,maxDay=0]{{Passengers:[{HandItems:[{Count:1,id:"trident"}],id:"drowned"}],id:"minecraft:zoglin"}} to hordespawn on day 60
[31Dec2024 01:08:58.525] [Server thread/INFO] [hordes/]: Adding entry HordeSpawnEntry[type=entity.minecraft.zombie_horse,weight=3,minDay=50,maxDay=0]{{Passengers:[{HandItems:[{Count:1,id:"trident"}],id:"drowned"}],id:"minecraft:zombie_horse"}} to hordespawn on day 60
[31Dec2024 01:09:48.519] [Server thread/INFO] [hordes/]: Adding entry HordeSpawnEntry[type=entity.minecraft.zombified_piglin,weight=10,minDay=40,maxDay=0] to hordespawn on day 60
[31Dec2024 01:09:48.520] [Server thread/INFO] [hordes/]: Adding entry HordeSpawnEntry[type=entity.minecraft.husk,weight=25,minDay=50,maxDay=0] to hordespawn on day 60
[31Dec2024 01:09:48.520] [Server thread/INFO] [hordes/]: Adding entry HordeSpawnEntry[type=entity.minecraft.zoglin,weight=3,minDay=50,maxDay=0]{{Passengers:[{HandItems:[{Count:1,id:"trident"}],id:"drowned"}],id:"minecraft:zoglin"}} to hordespawn on day 60
[31Dec2024 01:09:48.521] [Server thread/INFO] [hordes/]: Adding entry HordeSpawnEntry[type=entity.minecraft.zombie_horse,weight=3,minDay=50,maxDay=0]{{Passengers:[{HandItems:[{Count:1,id:"trident"}],id:"drowned"}],id:"minecraft:zombie_horse"}} to hordespawn on day 60
[31Dec2024 01:10:38.524] [Server thread/INFO] [hordes/]: Adding entry HordeSpawnEntry[type=entity.minecraft.zombified_piglin,weight=10,minDay=40,maxDay=0] to hordespawn on day 60
[31Dec2024 01:10:38.525] [Server thread/INFO] [hordes/]: Adding entry HordeSpawnEntry[type=entity.minecraft.husk,weight=25,minDay=50,maxDay=0] to hordespawn on day 60
[31Dec2024 01:10:38.526] [Server thread/INFO] [hordes/]: Adding entry HordeSpawnEntry[type=entity.minecraft.zoglin,weight=3,minDay=50,maxDay=0]{{Passengers:[{HandItems:[{Count:1,id:"trident"}],id:"drowned"}],id:"minecraft:zoglin"}} to hordespawn on day 60
[31Dec2024 01:10:38.526] [Server thread/INFO] [hordes/]: Adding entry HordeSpawnEntry[type=entity.minecraft.zombie_horse,weight=3,minDay=50,maxDay=0]{{Passengers:[{HandItems:[{Count:1,id:"trident"}],id:"drowned"}],id:"minecraft:zombie_horse"}} to hordespawn on day 60
[31Dec2024 01:10:38.536] [Server thread/INFO] [hordes/]: [net.smileycorp.hordes.hordeevent.capability.HordeEvent@3018f8a4]Can't spawn wave because max cap has been reached
[31Dec2024 01:10:45.080] [Server thread/INFO] [net.minecraft.server.MinecraftServer/]: [SrDaalo: Set own game mode to Creative Mode]
[31Dec2024 01:11:30.520] [Server thread/INFO] [net.minecraft.server.MinecraftServer/]: [SrDaalo: Set own game mode to Survival Mode]
[31Dec2024 01:11:58.342] [Server thread/INFO] [com.teampotato.redirector.Redirector/]: Redirecting com/tacz/guns/api/event/common/GunDamageSourcePart
[31Dec2024 01:16:59.667] [Server thread/INFO] [com.teampotato.redirector.Redirector/]: Redirecting net/minecraft/world/level/Level$ExplosionInteraction
[31Dec2024 01:18:00.469] [Server thread/INFO] [net.minecraft.server.MinecraftServer/]: SrDaalo drowned
[31Dec2024 01:18:00.475] [Server thread/INFO] [com.teampotato.redirector.Redirector/]: Redirecting ovh/corail/tombstone/helper/SpawnHelper$SpawnResult
[31Dec2024 01:18:00.482] [Server thread/INFO] [tombstone/]: The player SrDaalo has successfully been saved
[31Dec2024 01:24:20.994] [Server thread/INFO] [com.teampotato.redirector.Redirector/]: Redirecting net/p3pp3rf1y/sophisticatedcore/common/gui/SortBy
[31Dec2024 01:46:28.845] [Server thread/INFO] [net.minecraft.server.MinecraftServer/]: SrDaalo has made the advancement [Inverted Motor]
[31Dec2024 01:48:36.602] [Server thread/INFO] [com.teampotato.redirector.Redirector/]: Redirecting blusunrize/immersiveengineering/api/wires/utils/CatenaryTracer$CatenaryBranch
[31Dec2024 01:48:36.609] [Server thread/INFO] [net.minecraft.server.MinecraftServer/]: SrDaalo has made the advancement [Birds on a Wire]
